[debug] [2021-07-01T15:17:35.469Z] ----------------------------------------------------------------------
[debug] [2021-07-01T15:17:35.473Z] Command:       C:\Program Files\nodejs\node.exe C:\Users\praga\AppData\Roaming\npm\node_modules\firebase-tools\lib\bin\firebase.js init
[debug] [2021-07-01T15:17:35.473Z] CLI Version:   9.14.0
[debug] [2021-07-01T15:17:35.473Z] Platform:      win32
[debug] [2021-07-01T15:17:35.474Z] Node Version:  v14.16.1
[debug] [2021-07-01T15:17:35.475Z] Time:          Thu Jul 01 2021 20:47:35 GMT+0530 (India Standard Time)
[debug] [2021-07-01T15:17:35.475Z] ----------------------------------------------------------------------
[debug] 
[debug] [2021-07-01T15:17:35.485Z] > command requires scopes: ["email","openid","https://www.googleapis.com/auth/cloudplatformprojects.readonly","https://www.googleapis.com/auth/firebase","https://www.googleapis.com/auth/cloud-platform"]
[debug] [2021-07-01T15:17:35.485Z] > authorizing via signed-in user (siddhantg.cs.19@nitj.ac.in)
[info] 
     ######## #### ########  ######## ########     ###     ######  ########
     ##        ##  ##     ## ##       ##     ##  ##   ##  ##       ##
     ######    ##  ########  ######   ########  #########  ######  ######
     ##        ##  ##    ##  ##       ##     ## ##     ##       ## ##
     ##       #### ##     ## ######## ########  ##     ##  ######  ########

You're about to initialize a Firebase project in this directory:

  C:\Users\praga\Desktop\amazon-clone\amazon-clone

Before we get started, keep in mind:

  * You are initializing within an existing Firebase project directory

[info] 
=== Project Setup
[info] 
[info] First, let's associate this project directory with a Firebase project.
[info] You can create multiple project aliases by running firebase use --add, 
[info] but for now we'll just set up a default project.
[info] 
[info] i  .firebaserc already has a default project, using clone-a64a4. 
[debug] [2021-07-01T15:18:00.068Z] > refreshing access token with scopes: []
[debug] [2021-07-01T15:18:00.070Z] >>> HTTP REQUEST POST https://www.googleapis.com/oauth2/v3/token  
 <request body omitted>
[debug] [2021-07-01T15:18:00.819Z] <<< HTTP RESPONSE 200 {"pragma":"no-cache","expires":"Mon, 01 Jan 1990 00:00:00 GMT","cache-control":"no-cache, no-store, max-age=0, must-revalidate","date":"Thu, 01 Jul 2021 15:18:00 GMT","content-type":"application/json; charset=utf-8","vary":"X-Origin, Referer, Origin,Accept-Encoding","server":"scaffolding on HTTPServer2","x-xss-protection":"0","x-frame-options":"SAMEORIGIN","x-content-type-options":"nosniff","alt-svc":"h3=\":443\"; ma=2592000,h3-29=\":443\"; ma=2592000,h3-T051=\":443\"; ma=2592000,h3-Q050=\":443\"; ma=2592000,h3-Q046=\":443\"; ma=2592000,h3-Q043=\":443\"; ma=2592000,quic=\":443\"; ma=2592000; v=\"46,43\"","accept-ranges":"none","transfer-encoding":"chunked"}
[debug] [2021-07-01T15:18:00.914Z] >>> [apiv2][query] GET https://firebase.googleapis.com/v1beta1/projects/clone-a64a4 [none]
[debug] [2021-07-01T15:18:01.722Z] <<< [apiv2][status] GET https://firebase.googleapis.com/v1beta1/projects/clone-a64a4 200
[debug] [2021-07-01T15:18:01.722Z] <<< [apiv2][body] GET https://firebase.googleapis.com/v1beta1/projects/clone-a64a4 {"projectId":"clone-a64a4","projectNumber":"482742965416","displayName":"amazon-clone","name":"projects/clone-a64a4","resources":{"hostingSite":"clone-a64a4","storageBucket":"clone-a64a4.appspot.com","locationId":"us-central"},"state":"ACTIVE"}
[info] 
=== Hosting:github Setup
[info] 
[info] i  Detected a .git folder at C:\Users\praga\Desktop\amazon-clone\amazon-clone 
[info] i  Authorizing with GitHub to upload your service account to a GitHub repository's secrets store. 
[info] 
[info] Visit this URL on this device to log in:
[info] https://github.com/login/oauth/authorize?client_id=89cf50f02ac6aaed3484&state=510211264&redirect_uri=http%3A%2F%2Flocalhost%3A9005&scope=read%3Auser%20repo%20public_repo
[info] 
[info] Waiting for authentication...
[debug] [2021-07-01T15:18:04.057Z] >>> HTTP REQUEST POST https://github.com/login/oauth/access_token  
 {"client_id":"89cf50f02ac6aaed3484","client_secret":"3330d14abc895d9a74d5f17cd7a00711fa2c5bf0","code":"991a59b338ca203b3636","redirect_uri":"http://localhost:9005","state":"510211264"}
[debug] [2021-07-01T15:18:07.452Z] <<< HTTP RESPONSE 200 {"server":"GitHub.com","date":"Thu, 01 Jul 2021 15:18:07 GMT","content-type":"application/json; charset=utf-8","transfer-encoding":"chunked","vary":"X-PJAX, Accept-Encoding, Accept, X-Requested-With","permissions-policy":"interest-cohort=()","etag":"W/\"57aa14e444152ea7611be3e306d0efe6\"","cache-control":"max-age=0, private, must-revalidate","strict-transport-security":"max-age=31536000; includeSubdomains; preload","x-frame-options":"deny","x-content-type-options":"nosniff","x-xss-protection":"0","referrer-policy":"origin-when-cross-origin, strict-origin-when-cross-origin","expect-ct":"max-age=2592000, report-uri=\"https://api.github.com/_private/browser/errors\"","content-security-policy":"default-src 'none'; base-uri 'self'; block-all-mixed-content; connect-src 'self' uploads.github.com www.githubstatus.com collector.githubapp.com api.github.com github-cloud.s3.amazonaws.com github-production-repository-file-5c1aeb.s3.amazonaws.com github-production-upload-manifest-file-7fdce7.s3.amazonaws.com github-production-user-asset-6210df.s3.amazonaws.com cdn.optimizely.com logx.optimizely.com/v1/events translator.github.com wss://alive.github.com; font-src github.githubassets.com; form-action 'self' github.com gist.github.com; frame-ancestors 'none'; frame-src render.githubusercontent.com render-temp.githubusercontent.com viewscreen.githubusercontent.com; img-src 'self' data: github.githubassets.com identicons.github.com collector.githubapp.com github-cloud.s3.amazonaws.com secured-user-images.githubusercontent.com/ *.githubusercontent.com; manifest-src 'self'; media-src 'none'; script-src github.githubassets.com; style-src 'unsafe-inline' github.githubassets.com; worker-src github.com/socket-worker-3f088aa2.js gist.github.com/socket-worker-3f088aa2.js","x-github-request-id":"CCF5:3FBF:D4480F:E27E4C:60DDDCAD"}
[debug] [2021-07-01T15:18:07.485Z] >>> [apiv2][query] GET https://api.github.com/user [none]
[debug] [2021-07-01T15:18:07.959Z] <<< [apiv2][status] GET https://api.github.com/user 200
[debug] [2021-07-01T15:18:07.960Z] <<< [apiv2][body] GET https://api.github.com/user {"login":"caesarji","id":74137147,"node_id":"MDQ6VXNlcjc0MTM3MTQ3","avatar_url":"https://avatars.githubusercontent.com/u/74137147?v=4","gravatar_id":"","url":"https://api.github.com/users/caesarji","html_url":"https://github.com/caesarji","followers_url":"https://api.github.com/users/caesarji/followers","following_url":"https://api.github.com/users/caesarji/following{/other_user}","gists_url":"https://api.github.com/users/caesarji/gists{/gist_id}","starred_url":"https://api.github.com/users/caesarji/starred{/owner}{/repo}","subscriptions_url":"https://api.github.com/users/caesarji/subscriptions","organizations_url":"https://api.github.com/users/caesarji/orgs","repos_url":"https://api.github.com/users/caesarji/repos","events_url":"https://api.github.com/users/caesarji/events{/privacy}","received_events_url":"https://api.github.com/users/caesarji/received_events","type":"User","site_admin":false,"name":"Siddhant Gupta","company":null,"blog":"","location":null,"email":"siddhantgupta384@gmail.com","hireable":null,"bio":null,"twitter_username":null,"public_repos":6,"public_gists":0,"followers":0,"following":0,"created_at":"2020-11-08T11:11:44Z","updated_at":"2021-06-27T18:00:50Z","private_gists":0,"total_private_repos":3,"owned_private_repos":3,"disk_usage":3343,"collaborators":0,"two_factor_authentication":false,"plan":{"name":"free","space":976562499,"collaborators":0,"private_repos":10000}}
[info] 
[info] +  Success! Logged into GitHub as caesarji 
[info] 
